app/build/intermediates/manifest_merge_blame_file/debug/manifest-merger-blame-debug-report.txt
1<?xml version="1.0" encoding="utf-8"?>
2<manifest xmlns:android="http://schemas.android.com/apk/res/android"
3    package="com.rcloud.netflix"
4    android:versionCode="1"
5    android:versionName="1.0" >
6
7    <uses-sdk
8        android:minSdkVersion="19"
8-->src\main\AndroidManifest.xml
9        android:targetSdkVersion="28" />
9-->src\main\AndroidManifest.xml
10
11    <uses-permission android:name="android.permission.INTERNET" />
11-->src\main\AndroidManifest.xml:6:5-67
11-->src\main\AndroidManifest.xml:6:22-64
12    <uses-permission android:name="android.permission.ACCESS_NETWORK_STATE" />
12-->src\main\AndroidManifest.xml:7:5-79
12-->src\main\AndroidManifest.xml:7:22-76
13    <uses-permission android:name="android.permission.ACCESS_WIFI_STATE" />
13-->src\main\AndroidManifest.xml:8:5-76
13-->src\main\AndroidManifest.xml:8:22-73
14    <uses-permission android:name="android.permission.WRITE_EXTERNAL_STORAGE" />
14-->src\main\AndroidManifest.xml:9:5-81
14-->src\main\AndroidManifest.xml:9:22-78
15    <uses-permission android:name="android.permission.FOREGROUND_SERVICE" />
15-->src\main\AndroidManifest.xml:10:5-77
15-->src\main\AndroidManifest.xml:10:22-74
16    <uses-permission android:name="android.permission.ACCESS_COARSE_LOCATION" /> <!-- Create a unique permission for your app and use it so only your app can receive your OneSignal messages. -->
16-->[in.juspay:godel:0.6.18.1423] AndroidManifest.xml:9:5-81
16-->[in.juspay:godel:0.6.18.1423] AndroidManifest.xml:9:22-78
17    <permission
17-->[com.onesignal:OneSignal:3.15.6] AndroidManifest.xml:7:5-9:47
18        android:name="com.rcloud.netflix.permission.C2D_MESSAGE"
18-->[com.onesignal:OneSignal:3.15.6] AndroidManifest.xml:8:9-63
19        android:protectionLevel="signature" />
19-->[com.onesignal:OneSignal:3.15.6] AndroidManifest.xml:9:9-44
20
21    <uses-permission android:name="com.rcloud.netflix.permission.C2D_MESSAGE" />
21-->[com.onesignal:OneSignal:3.15.6] AndroidManifest.xml:11:5-79
21-->[com.onesignal:OneSignal:3.15.6] AndroidManifest.xml:11:22-76
22    <uses-permission android:name="com.google.android.c2dm.permission.RECEIVE" /> <!-- Required, makes sure notifications are delivered on time. -->
22-->[com.onesignal:OneSignal:3.15.6] AndroidManifest.xml:17:5-82
22-->[com.onesignal:OneSignal:3.15.6] AndroidManifest.xml:17:22-79
23    <uses-permission android:name="android.permission.WAKE_LOCK" />
23-->[com.onesignal:OneSignal:3.15.6] AndroidManifest.xml:18:5-68
23-->[com.onesignal:OneSignal:3.15.6] AndroidManifest.xml:18:22-65
24    <!--
25 Required so the device vibrates on receiving a push notification.
26         Vibration settings of the device still apply.
27    -->
28    <uses-permission android:name="android.permission.VIBRATE" />
28-->[com.onesignal:OneSignal:3.15.6] AndroidManifest.xml:23:5-66
28-->[com.onesignal:OneSignal:3.15.6] AndroidManifest.xml:23:22-63
29    <!--
30 Use to restore notifications the user hasn't interacted with.
31         They could be missed notifications if the user reboots their device if this isn't in place.
32    -->
33    <uses-permission android:name="android.permission.RECEIVE_BOOT_COMPLETED" /> <!-- START: ShortcutBadger -->
33-->[com.onesignal:OneSignal:3.15.6] AndroidManifest.xml:29:5-81
33-->[com.onesignal:OneSignal:3.15.6] AndroidManifest.xml:29:22-78
34    <!-- Samsung -->
35    <uses-permission android:name="com.sec.android.provider.badge.permission.READ" />
35-->[com.onesignal:OneSignal:3.15.6] AndroidManifest.xml:31:5-86
35-->[com.onesignal:OneSignal:3.15.6] AndroidManifest.xml:31:22-83
36    <uses-permission android:name="com.sec.android.provider.badge.permission.WRITE" /> <!-- HTC -->
36-->[com.onesignal:OneSignal:3.15.6] AndroidManifest.xml:32:5-87
36-->[com.onesignal:OneSignal:3.15.6] AndroidManifest.xml:32:22-84
37    <uses-permission android:name="com.htc.launcher.permission.READ_SETTINGS" />
37-->[com.onesignal:OneSignal:3.15.6] AndroidManifest.xml:33:5-81
37-->[com.onesignal:OneSignal:3.15.6] AndroidManifest.xml:33:22-78
38    <uses-permission android:name="com.htc.launcher.permission.UPDATE_SHORTCUT" /> <!-- Sony -->
38-->[com.onesignal:OneSignal:3.15.6] AndroidManifest.xml:34:5-83
38-->[com.onesignal:OneSignal:3.15.6] AndroidManifest.xml:34:22-80
39    <uses-permission android:name="com.sonyericsson.home.permission.BROADCAST_BADGE" />
39-->[com.onesignal:OneSignal:3.15.6] AndroidManifest.xml:35:5-88
39-->[com.onesignal:OneSignal:3.15.6] AndroidManifest.xml:35:22-85
40    <uses-permission android:name="com.sonymobile.home.permission.PROVIDER_INSERT_BADGE" /> <!-- Apex -->
40-->[com.onesignal:OneSignal:3.15.6] AndroidManifest.xml:36:5-92
40-->[com.onesignal:OneSignal:3.15.6] AndroidManifest.xml:36:22-89
41    <uses-permission android:name="com.anddoes.launcher.permission.UPDATE_COUNT" /> <!-- Solid -->
41-->[com.onesignal:OneSignal:3.15.6] AndroidManifest.xml:37:5-84
41-->[com.onesignal:OneSignal:3.15.6] AndroidManifest.xml:37:22-81
42    <uses-permission android:name="com.majeur.launcher.permission.UPDATE_BADGE" /> <!-- Huawei -->
42-->[com.onesignal:OneSignal:3.15.6] AndroidManifest.xml:38:5-83
42-->[com.onesignal:OneSignal:3.15.6] AndroidManifest.xml:38:22-80
43    <uses-permission android:name="com.huawei.android.launcher.permission.CHANGE_BADGE" />
43-->[com.onesignal:OneSignal:3.15.6] AndroidManifest.xml:39:5-91
43-->[com.onesignal:OneSignal:3.15.6] AndroidManifest.xml:39:22-88
44    <uses-permission android:name="com.huawei.android.launcher.permission.READ_SETTINGS" />
44-->[com.onesignal:OneSignal:3.15.6] AndroidManifest.xml:40:5-92
44-->[com.onesignal:OneSignal:3.15.6] AndroidManifest.xml:40:22-89
45    <uses-permission android:name="com.huawei.android.launcher.permission.WRITE_SETTINGS" /> <!-- ZUK -->
45-->[com.onesignal:OneSignal:3.15.6] AndroidManifest.xml:41:5-93
45-->[com.onesignal:OneSignal:3.15.6] AndroidManifest.xml:41:22-90
46    <uses-permission android:name="android.permission.READ_APP_BADGE" /> <!-- OPPO -->
46-->[com.onesignal:OneSignal:3.15.6] AndroidManifest.xml:42:5-73
46-->[com.onesignal:OneSignal:3.15.6] AndroidManifest.xml:42:22-70
47    <uses-permission android:name="com.oppo.launcher.permission.READ_SETTINGS" />
47-->[com.onesignal:OneSignal:3.15.6] AndroidManifest.xml:43:5-82
47-->[com.onesignal:OneSignal:3.15.6] AndroidManifest.xml:43:22-79
48    <uses-permission android:name="com.oppo.launcher.permission.WRITE_SETTINGS" /> <!-- EvMe -->
48-->[com.onesignal:OneSignal:3.15.6] AndroidManifest.xml:44:5-83
48-->[com.onesignal:OneSignal:3.15.6] AndroidManifest.xml:44:22-80
49    <uses-permission android:name="me.everything.badger.permission.BADGE_COUNT_READ" />
49-->[com.onesignal:OneSignal:3.15.6] AndroidManifest.xml:45:5-88
49-->[com.onesignal:OneSignal:3.15.6] AndroidManifest.xml:45:22-85
50    <uses-permission android:name="me.everything.badger.permission.BADGE_COUNT_WRITE" />
50-->[com.onesignal:OneSignal:3.15.6] AndroidManifest.xml:46:5-89
50-->[com.onesignal:OneSignal:3.15.6] AndroidManifest.xml:46:22-86
51    <uses-permission android:name="android.permission.READ_EXTERNAL_STORAGE" />
51-->[com.paytm:pgplussdk:1.3.3] AndroidManifest.xml:11:5-80
51-->[com.paytm:pgplussdk:1.3.3] AndroidManifest.xml:11:22-77
52
53    <application
53-->src\main\AndroidManifest.xml:12:5-196:19
54        android:name="com.rcloud.netflix.MyApplication"
54-->src\main\AndroidManifest.xml:13:9-38
55        android:allowBackup="true"
55-->src\main\AndroidManifest.xml:14:9-35
56        android:appComponentFactory="androidx.core.app.CoreComponentFactory"
56-->[androidx.core:core:1.1.0] AndroidManifest.xml:24:18-86
57        android:debuggable="true"
58        android:fullBackupContent="@xml/backup_descriptor"
58-->src\main\AndroidManifest.xml:15:9-59
59        android:icon="@mipmap/app_icon"
59-->src\main\AndroidManifest.xml:16:9-40
60        android:label="@string/app_name"
60-->src\main\AndroidManifest.xml:17:9-41
61        android:networkSecurityConfig="@xml/network_security_config"
61-->src\main\AndroidManifest.xml:18:9-69
62        android:roundIcon="@mipmap/app_icon"
62-->src\main\AndroidManifest.xml:19:9-45
63        android:supportsRtl="true"
63-->src\main\AndroidManifest.xml:20:9-35
64        android:testOnly="true"
65        android:theme="@style/AppTheme" >
65-->src\main\AndroidManifest.xml:21:9-40
66
67        <!-- This meta-data tag is required to use Google Apps Services. -->
68        <meta-data
68-->src\main\AndroidManifest.xml:26:9-28:69
69            android:name="com.google.android.gms.version"
69-->src\main\AndroidManifest.xml:27:13-58
70            android:value="@integer/google_play_services_version" /> <!-- Sample AdMob App ID: ca-app-pub-3940256099942544~3347511713 -->
70-->src\main\AndroidManifest.xml:28:13-66
71        <meta-data
71-->src\main\AndroidManifest.xml:29:9-31:70
72            android:name="com.google.android.gms.ads.APPLICATION_ID"
72-->src\main\AndroidManifest.xml:30:13-69
73            android:value="ca-app-pub-3940256099942544~3347511713" />
73-->src\main\AndroidManifest.xml:31:13-67
74        <meta-data
74-->src\main\AndroidManifest.xml:32:9-34:82
75            android:name="instamojo.orderauth.url"
75-->src\main\AndroidManifest.xml:33:13-51
76            android:value="http://www.battleworld.in/netklix/access_token.php" /> <!-- &lt;!&ndash; Add your API key here &ndash;&gt; -->
76-->src\main\AndroidManifest.xml:34:13-79
77        <!-- <meta-data -->
78        <!-- android:name="com.razorpay.ApiKey" -->
79        <!-- android:value="rzp_live_IEZg8qb41ELHfZ" -->
80        <!-- /> -->
81        <!-- <activity -->
82        <!-- android:name=".SimpleExoPlayerActivity" -->
83        <!-- android:configChanges="orientation|keyboardHidden|screenSize" -->
84        <!-- android:label="@string/app_name" -->
85        <!-- android:theme="@style/AppTheme.NoActionBar" /> -->
86        <uses-library
86-->src\main\AndroidManifest.xml:44:9-46:40
87            android:name="org.apache.http.legacy"
87-->src\main\AndroidManifest.xml:45:13-50
88            android:required="false" />
88-->src\main\AndroidManifest.xml:46:13-37
89
90        <activity
90-->src\main\AndroidManifest.xml:48:9-53:58
91            android:name="com.rcloud.netflix.MyWalletActivity"
91-->src\main\AndroidManifest.xml:49:13-45
92            android:configChanges="orientation|keyboardHidden|screenSize"
92-->src\main\AndroidManifest.xml:50:13-74
93            android:hardwareAccelerated="true"
93-->src\main\AndroidManifest.xml:51:13-47
94            android:screenOrientation="portrait"
94-->src\main\AndroidManifest.xml:52:13-49
95            android:windowSoftInputMode="adjustResize" />
95-->src\main\AndroidManifest.xml:53:13-55
96        <activity android:name="com.rcloud.netflix.SubcriptionActivity" />
96-->src\main\AndroidManifest.xml:54:9-57
96-->src\main\AndroidManifest.xml:54:19-54
97        <activity
97-->src\main\AndroidManifest.xml:55:9-60:55
98            android:name="com.rcloud.netflix.PictureInPictureActivity"
98-->src\main\AndroidManifest.xml:56:13-53
99            android:configChanges="orientation|screenSize|keyboardHidden|smallestScreenSize|screenLayout"
99-->src\main\AndroidManifest.xml:57:13-106
100            android:hardwareAccelerated="true"
100-->src\main\AndroidManifest.xml:58:13-47
101            android:resizeableActivity="true"
101-->src\main\AndroidManifest.xml:59:13-46
102            android:supportsPictureInPicture="true" />
102-->src\main\AndroidManifest.xml:60:13-52
103        <activity
103-->src\main\AndroidManifest.xml:61:9-69:20
104            android:name="com.rcloud.netflix.SplashActivity"
104-->src\main\AndroidManifest.xml:62:13-43
105            android:configChanges="orientation|keyboardHidden|screenSize" >
105-->src\main\AndroidManifest.xml:63:13-74
106            <intent-filter>
106-->src\main\AndroidManifest.xml:64:13-68:29
107                <action android:name="android.intent.action.MAIN" />
107-->src\main\AndroidManifest.xml:65:17-69
107-->src\main\AndroidManifest.xml:65:25-66
108
109                <category android:name="android.intent.category.LAUNCHER" />
109-->src\main\AndroidManifest.xml:67:17-77
109-->src\main\AndroidManifest.xml:67:27-74
110            </intent-filter>
111        </activity>
112        <activity
112-->src\main\AndroidManifest.xml:70:9-72:77
113            android:name="com.rcloud.netflix.MainActivity"
113-->src\main\AndroidManifest.xml:71:13-41
114            android:configChanges="orientation|keyboardHidden|screenSize" />
114-->src\main\AndroidManifest.xml:72:13-74
115        <activity
115-->src\main\AndroidManifest.xml:73:9-75:77
116            android:name="com.rcloud.netflix.ActivityVideoDetails"
116-->src\main\AndroidManifest.xml:74:13-49
117            android:configChanges="orientation|keyboardHidden|screenSize" />
117-->src\main\AndroidManifest.xml:75:13-74
118        <activity
118-->src\main\AndroidManifest.xml:76:9-78:77
119            android:name="com.rcloud.netflix.ActivitySearch"
119-->src\main\AndroidManifest.xml:77:13-43
120            android:configChanges="orientation|keyboardHidden|screenSize" />
120-->src\main\AndroidManifest.xml:78:13-74
121        <activity
121-->src\main\AndroidManifest.xml:79:9-81:77
122            android:name="com.rcloud.netflix.ActivityForgot"
122-->src\main\AndroidManifest.xml:80:13-43
123            android:configChanges="orientation|keyboardHidden|screenSize" />
123-->src\main\AndroidManifest.xml:81:13-74
124        <activity
124-->src\main\AndroidManifest.xml:82:9-84:77
125            android:name="com.rcloud.netflix.ActivityPrivacy"
125-->src\main\AndroidManifest.xml:83:13-44
126            android:configChanges="orientation|keyboardHidden|screenSize" />
126-->src\main\AndroidManifest.xml:84:13-74
127        <activity
127-->src\main\AndroidManifest.xml:85:9-87:77
128            android:name="com.rcloud.netflix.ActivityAboutUs"
128-->src\main\AndroidManifest.xml:86:13-44
129            android:configChanges="orientation|keyboardHidden|screenSize" />
129-->src\main\AndroidManifest.xml:87:13-74
130        <activity
130-->src\main\AndroidManifest.xml:88:9-91:53
131            android:name="com.rcloud.netflix.ActivityComment"
131-->src\main\AndroidManifest.xml:89:13-44
132            android:configChanges="orientation|keyboardHidden|screenSize"
132-->src\main\AndroidManifest.xml:90:13-74
133            android:theme="@style/ThemeSwipeBack" />
133-->src\main\AndroidManifest.xml:91:13-50
134        <activity
134-->src\main\AndroidManifest.xml:92:9-95:55
135            android:name="com.rcloud.netflix.ActivitySignUp"
135-->src\main\AndroidManifest.xml:93:13-43
136            android:configChanges="orientation|keyboardHidden|screenSize"
136-->src\main\AndroidManifest.xml:94:13-74
137            android:windowSoftInputMode="adjustPan" />
137-->src\main\AndroidManifest.xml:95:13-52
138        <activity
138-->src\main\AndroidManifest.xml:96:9-99:55
139            android:name="com.rcloud.netflix.ActivitySignIn"
139-->src\main\AndroidManifest.xml:97:13-43
140            android:configChanges="orientation|keyboardHidden|screenSize"
140-->src\main\AndroidManifest.xml:98:13-74
141            android:windowSoftInputMode="adjustPan" />
141-->src\main\AndroidManifest.xml:99:13-52
142        <activity
142-->src\main\AndroidManifest.xml:100:9-102:94
143            android:name="com.example.serverlocal.NoPipServerActivity"
143-->src\main\AndroidManifest.xml:101:13-71
144            android:configChanges="screenSize|smallestScreenSize|screenLayout|orientation" />
144-->src\main\AndroidManifest.xml:102:13-91
145        <activity
145-->src\main\AndroidManifest.xml:103:9-108:55
146            android:name="com.example.serverlocal.PipServerActivity"
146-->src\main\AndroidManifest.xml:104:13-69
147            android:configChanges="screenSize|smallestScreenSize|screenLayout|orientation"
147-->src\main\AndroidManifest.xml:105:13-91
148            android:launchMode="singleTask"
148-->src\main\AndroidManifest.xml:106:13-44
149            android:resizeableActivity="true"
149-->src\main\AndroidManifest.xml:107:13-46
150            android:supportsPictureInPicture="true" />
150-->src\main\AndroidManifest.xml:108:13-52
151        <activity
151-->src\main\AndroidManifest.xml:109:9-112:52
152            android:name="com.paytm.pgsdk.PaytmPGActivity"
152-->src\main\AndroidManifest.xml:110:13-59
153            android:configChanges="keyboardHidden|orientation|keyboard"
153-->src\main\AndroidManifest.xml:111:13-72
154            android:screenOrientation="portrait"
154-->src\main\AndroidManifest.xml:112:13-49
155            android:theme="@style/AppTheme" />
155-->[com.paytm:pgplussdk:1.3.3] AndroidManifest.xml:17:13-44
156        <activity
156-->src\main\AndroidManifest.xml:113:9-118:55
157            android:name="com.example.youtube.YoutubePlay"
157-->src\main\AndroidManifest.xml:114:13-59
158            android:configChanges="screenSize|smallestScreenSize|screenLayout|orientation"
158-->src\main\AndroidManifest.xml:115:13-91
159            android:launchMode="singleTask"
159-->src\main\AndroidManifest.xml:116:13-44
160            android:resizeableActivity="true"
160-->src\main\AndroidManifest.xml:117:13-46
161            android:supportsPictureInPicture="true" /> <!-- Daily Motion Play -->
161-->src\main\AndroidManifest.xml:118:13-52
162        <activity
162-->src\main\AndroidManifest.xml:119:9-125:69
163            android:name="com.example.dailymotion.DailyMotionPlay"
163-->src\main\AndroidManifest.xml:120:13-67
164            android:configChanges="screenSize|smallestScreenSize|screenLayout|orientation"
164-->src\main\AndroidManifest.xml:121:13-91
165            android:launchMode="singleTask"
165-->src\main\AndroidManifest.xml:122:13-44
166            android:resizeableActivity="true"
166-->src\main\AndroidManifest.xml:123:13-46
167            android:supportsPictureInPicture="true"
167-->src\main\AndroidManifest.xml:124:13-52
168            android:theme="@android:style/Theme.Black.NoTitleBar" />
168-->src\main\AndroidManifest.xml:125:13-66
169        <activity
169-->src\main\AndroidManifest.xml:126:9-129:69
170            android:name="com.example.dailymotion.DailyMotionPlayNoPip"
170-->src\main\AndroidManifest.xml:127:13-72
171            android:configChanges="screenSize|smallestScreenSize|screenLayout|orientation"
171-->src\main\AndroidManifest.xml:128:13-91
172            android:theme="@android:style/Theme.Black.NoTitleBar" /> <!-- vimeo play activity -->
172-->src\main\AndroidManifest.xml:129:13-66
173        <activity
173-->src\main\AndroidManifest.xml:130:9-136:69
174            android:name="com.example.vimeo.Vimeo"
174-->src\main\AndroidManifest.xml:131:13-51
175            android:configChanges="screenSize|smallestScreenSize|screenLayout|orientation"
175-->src\main\AndroidManifest.xml:132:13-91
176            android:launchMode="singleTask"
176-->src\main\AndroidManifest.xml:133:13-44
177            android:resizeableActivity="true"
177-->src\main\AndroidManifest.xml:134:13-46
178            android:supportsPictureInPicture="true"
178-->src\main\AndroidManifest.xml:135:13-52
179            android:theme="@android:style/Theme.Black.NoTitleBar" />
179-->src\main\AndroidManifest.xml:136:13-66
180        <activity
180-->src\main\AndroidManifest.xml:137:9-140:69
181            android:name="com.example.vimeo.VimeoNoPip"
181-->src\main\AndroidManifest.xml:138:13-56
182            android:configChanges="screenSize|smallestScreenSize|screenLayout|orientation"
182-->src\main\AndroidManifest.xml:139:13-91
183            android:theme="@android:style/Theme.Black.NoTitleBar" /> <!-- analytic -->
183-->src\main\AndroidManifest.xml:140:13-66
184        <receiver
184-->src\main\AndroidManifest.xml:141:9-147:20
185            android:name="com.google.android.gms.analytics.AnalyticsReceiver"
185-->src\main\AndroidManifest.xml:142:13-78
186            android:enabled="true"
186-->src\main\AndroidManifest.xml:143:13-35
187            android:exported="false" >
187-->[com.google.android.gms:play-services-analytics:17.0.0] AndroidManifest.xml:33:13-37
188            <intent-filter>
188-->src\main\AndroidManifest.xml:144:13-146:29
189                <action android:name="com.google.android.gms.analytics.ANALYTICS_DISPATCH" />
189-->src\main\AndroidManifest.xml:145:17-94
189-->src\main\AndroidManifest.xml:145:25-91
190            </intent-filter>
191        </receiver>
192
193        <service
193-->src\main\AndroidManifest.xml:149:9-152:40
194            android:name="com.google.android.gms.analytics.AnalyticsService"
194-->src\main\AndroidManifest.xml:150:13-77
195            android:enabled="true"
195-->src\main\AndroidManifest.xml:151:13-35
196            android:exported="false" />
196-->src\main\AndroidManifest.xml:152:13-37
197
198        <receiver
198-->src\main\AndroidManifest.xml:154:9-160:20
199            android:name="com.google.android.gms.analytics.CampaignTrackingReceiver"
199-->src\main\AndroidManifest.xml:155:13-85
200            android:exported="true" >
200-->src\main\AndroidManifest.xml:156:13-36
201            <intent-filter>
201-->src\main\AndroidManifest.xml:157:13-159:29
202                <action android:name="com.android.vending.INSTALL_REFERRER" />
202-->src\main\AndroidManifest.xml:158:17-79
202-->src\main\AndroidManifest.xml:158:25-76
203            </intent-filter>
204        </receiver>
205
206        <service android:name="com.google.android.gms.analytics.CampaignTrackingService" /> <!-- analytic -->
206-->src\main\AndroidManifest.xml:162:9-92
206-->src\main\AndroidManifest.xml:162:18-89
207        <meta-data
207-->src\main\AndroidManifest.xml:163:9-165:39
208            android:name="com.onesignal.NotificationOpened.DEFAULT"
208-->src\main\AndroidManifest.xml:164:13-68
209            android:value="DISABLE" />
209-->src\main\AndroidManifest.xml:165:13-36
210        <meta-data
210-->src\main\AndroidManifest.xml:166:9-168:40
211            android:name="com.onesignal.NotificationAccentColor.DEFAULT"
211-->src\main\AndroidManifest.xml:167:13-73
212            android:value="FFff0083" />
212-->src\main\AndroidManifest.xml:168:13-37
213        <meta-data
213-->src\main\AndroidManifest.xml:169:9-171:57
214            android:name="preloaded_fonts"
214-->src\main\AndroidManifest.xml:170:13-43
215            android:resource="@array/preloaded_fonts" />
215-->src\main\AndroidManifest.xml:171:13-54
216
217        <activity
217-->src\main\AndroidManifest.xml:173:9-184:20
218            android:name="com.braintreepayments.api.BraintreeBrowserSwitchActivity"
218-->src\main\AndroidManifest.xml:174:13-84
219            android:launchMode="singleTask" >
219-->src\main\AndroidManifest.xml:175:13-44
220            <intent-filter>
220-->src\main\AndroidManifest.xml:176:13-183:29
221                <action android:name="android.intent.action.VIEW" />
221-->src\main\AndroidManifest.xml:177:17-69
221-->src\main\AndroidManifest.xml:177:25-66
222
223                <category android:name="android.intent.category.DEFAULT" />
223-->src\main\AndroidManifest.xml:179:17-76
223-->src\main\AndroidManifest.xml:179:27-73
224                <category android:name="android.intent.category.BROWSABLE" />
224-->src\main\AndroidManifest.xml:180:17-78
224-->src\main\AndroidManifest.xml:180:27-75
225
226                <data android:scheme="com.rcloud.netflix.braintree" />
226-->src\main\AndroidManifest.xml:182:17-71
226-->src\main\AndroidManifest.xml:182:23-68
227            </intent-filter>
228        </activity>
229        <activity
229-->src\main\AndroidManifest.xml:185:9-189:47
230            android:name="com.rcloud.netflix.PlayerActivity"
230-->src\main\AndroidManifest.xml:186:13-43
231            android:launchMode="singleTask"
231-->src\main\AndroidManifest.xml:187:13-44
232            android:screenOrientation="landscape"
232-->src\main\AndroidManifest.xml:188:13-50
233            android:theme="@style/AppTheme" />
233-->src\main\AndroidManifest.xml:189:13-44
234        <activity
234-->src\main\AndroidManifest.xml:190:9-193:47
235            android:name="com.rcloud.netflix.EmbedActivity"
235-->src\main\AndroidManifest.xml:191:13-42
236            android:screenOrientation="landscape"
236-->src\main\AndroidManifest.xml:192:13-50
237            android:theme="@style/AppTheme" />
237-->src\main\AndroidManifest.xml:193:13-44
238        <activity android:name="com.rcloud.netflix.NotificationActivity" />
238-->src\main\AndroidManifest.xml:194:9-58
238-->src\main\AndroidManifest.xml:194:19-55
239        <activity android:name="com.rcloud.netflix.NotificationDetailsActivity" />
239-->src\main\AndroidManifest.xml:195:9-65
239-->src\main\AndroidManifest.xml:195:19-62
240        <activity android:name="instamojo.library.Instamojo" >
240-->[ai.devsupport.instamojo:instamojolib:0.1.6] AndroidManifest.xml:14:9-15:20
240-->[ai.devsupport.instamojo:instamojolib:0.1.6] AndroidManifest.xml:14:19-61
241        </activity>
242        <activity
242-->[com.braintreepayments.api:drop-in:3.7.1] AndroidManifest.xml:18:9-20:62
243            android:name="com.braintreepayments.api.threedsecure.ThreeDSecureWebViewActivity"
243-->[com.braintreepayments.api:drop-in:3.7.1] AndroidManifest.xml:19:13-94
244            android:theme="@style/bt_three_d_secure_theme" />
244-->[com.braintreepayments.api:drop-in:3.7.1] AndroidManifest.xml:20:13-59
245        <activity
245-->[com.braintreepayments.api:drop-in:3.7.1] AndroidManifest.xml:21:9-23:64
246            android:name="com.braintreepayments.api.dropin.DropInActivity"
246-->[com.braintreepayments.api:drop-in:3.7.1] AndroidManifest.xml:22:13-75
247            android:theme="@style/bt_drop_in_activity_theme" />
247-->[com.braintreepayments.api:drop-in:3.7.1] AndroidManifest.xml:23:13-61
248        <activity
248-->[com.braintreepayments.api:drop-in:3.7.1] AndroidManifest.xml:24:9-26:65
249            android:name="com.braintreepayments.api.dropin.AddCardActivity"
249-->[com.braintreepayments.api:drop-in:3.7.1] AndroidManifest.xml:25:13-76
250            android:theme="@style/bt_add_card_activity_theme" />
250-->[com.braintreepayments.api:drop-in:3.7.1] AndroidManifest.xml:26:13-62
251        <activity
251-->[com.braintreepayments.api:drop-in:3.7.1] AndroidManifest.xml:27:9-29:70
252            android:name="com.braintreepayments.api.dropin.VaultManagerActivity"
252-->[com.braintreepayments.api:drop-in:3.7.1] AndroidManifest.xml:28:13-81
253            android:theme="@style/bt_vault_manager_activity_theme" />
253-->[com.braintreepayments.api:drop-in:3.7.1] AndroidManifest.xml:29:13-67
254
255        <receiver
255-->[com.google.android.gms:play-services-cast-framework:18.0.0] AndroidManifest.xml:10:9-12:40
256            android:name="com.google.android.gms.cast.framework.media.MediaIntentReceiver"
256-->[com.google.android.gms:play-services-cast-framework:18.0.0] AndroidManifest.xml:11:13-91
257            android:exported="false" />
257-->[com.google.android.gms:play-services-cast-framework:18.0.0] AndroidManifest.xml:12:13-37
258
259        <service
259-->[com.google.android.gms:play-services-cast-framework:18.0.0] AndroidManifest.xml:14:9-16:40
260            android:name="com.google.android.gms.cast.framework.media.MediaNotificationService"
260-->[com.google.android.gms:play-services-cast-framework:18.0.0] AndroidManifest.xml:15:13-96
261            android:exported="false" />
261-->[com.google.android.gms:play-services-cast-framework:18.0.0] AndroidManifest.xml:16:13-37
262        <service
262-->[com.google.android.gms:play-services-cast-framework:18.0.0] AndroidManifest.xml:17:9-19:40
263            android:name="com.google.android.gms.cast.framework.ReconnectionService"
263-->[com.google.android.gms:play-services-cast-framework:18.0.0] AndroidManifest.xml:18:13-85
264            android:exported="false" />
264-->[com.google.android.gms:play-services-cast-framework:18.0.0] AndroidManifest.xml:19:13-37
265
266        <activity
266-->[com.instamojo:android-sdk:1.2.6] AndroidManifest.xml:15:9-26:20
267            android:name="com.instamojo.android.activities.PaymentDetailsActivity"
267-->[com.instamojo:android-sdk:1.2.6] AndroidManifest.xml:16:13-83
268            android:screenOrientation="portrait"
268-->[com.instamojo:android-sdk:1.2.6] AndroidManifest.xml:17:13-49
269            android:theme="@style/SdkTheme" >
269-->[com.instamojo:android-sdk:1.2.6] AndroidManifest.xml:18:13-44
270            <meta-data
270-->[com.instamojo:android-sdk:1.2.6] AndroidManifest.xml:19:13-21:54
271                android:name="android.app.searchable"
271-->[com.instamojo:android-sdk:1.2.6] AndroidManifest.xml:20:17-54
272                android:resource="@xml/searchable" />
272-->[com.instamojo:android-sdk:1.2.6] AndroidManifest.xml:21:17-51
273
274            <intent-filter>
274-->[com.instamojo:android-sdk:1.2.6] AndroidManifest.xml:23:13-25:29
275                <action android:name="android.intent.action.SEARCH" />
275-->[com.instamojo:android-sdk:1.2.6] AndroidManifest.xml:24:17-71
275-->[com.instamojo:android-sdk:1.2.6] AndroidManifest.xml:24:25-68
276            </intent-filter>
277        </activity>
278        <activity
278-->[com.instamojo:android-sdk:1.2.6] AndroidManifest.xml:27:9-33:58
279            android:name="com.instamojo.android.activities.PaymentActivity"
279-->[com.instamojo:android-sdk:1.2.6] AndroidManifest.xml:28:13-76
280            android:hardwareAccelerated="true"
280-->[com.instamojo:android-sdk:1.2.6] AndroidManifest.xml:29:13-47
281            android:label="Payment"
281-->[com.instamojo:android-sdk:1.2.6] AndroidManifest.xml:30:13-36
282            android:screenOrientation="portrait"
282-->[com.instamojo:android-sdk:1.2.6] AndroidManifest.xml:31:13-49
283            android:theme="@style/SdkTheme"
283-->[com.instamojo:android-sdk:1.2.6] AndroidManifest.xml:32:13-44
284            android:windowSoftInputMode="adjustResize" />
284-->[com.instamojo:android-sdk:1.2.6] AndroidManifest.xml:33:13-55
285
286        <meta-data